<?xml version="1.0" encoding="UTF-8"?>
<testsuite name="com.example.project.LinearCalculatorTest" tests="6" skipped="0" failures="0" errors="0" timestamp="2024-10-07T15:06:00" hostname="codespaces-b34a70" time="0.074">
  <properties/>
  <testcase name="testGetX1()" classname="com.example.project.LinearCalculatorTest" time="0.029"/>
  <testcase name="testGetX2()" classname="com.example.project.LinearCalculatorTest" time="0.005"/>
  <testcase name="testGetY1()" classname="com.example.project.LinearCalculatorTest" time="0.002"/>
  <testcase name="testGetY2()" classname="com.example.project.LinearCalculatorTest" time="0.004"/>
  <testcase name="testSetX1()" classname="com.example.project.LinearCalculatorTest" time="0.007"/>
  <testcase name="testSetY1()" classname="com.example.project.LinearCalculatorTest" time="0.002"/>
  <system-out><![CDATA[]]></system-out>
  <system-err><![CDATA[]]></system-err>
</testsuite>
